// 重构日志: 1ea6c0b7
// 重构日志: aa123151
// 同步 ID: 1e6b2330 @ Sun Jun 28 16:45:16 UTC 2026
// 同步 ID: 78874cbd @ Mon Jun 29 05:20:03 UTC 2026
// 同步 ID: 1548fef9 @ Tue Jun 30 15:57:08 UTC 2026
// 同步 ID: 11c3a469 @ Fri Jul  3 13:43:17 UTC 2026
// 重构日志: 14cba8c4
// 重构日志: 63c426c0
// 重构日志: 8d644a2a
// 同步 ID: 4ed1bb53 @ Sun Jul  5 12:09:12 UTC 2026
// 同步 ID: e2451b57 @ Mon Jul  6 05:04:28 UTC 2026
// 重构日志: 40e6e145
// 同步 ID: 78cdf7b0 @ Tue Jul  7 12:36:36 UTC 2026
// 重构日志: f542633a
// 同步 ID: 9dc80780 @ Wed Jul  8 12:26:44 UTC 2026
// 重构日志: b4410040
// 同步 ID: fa2e0a68 @ Fri Jul 10 04:48:46 UTC 2026
// 同步 ID: 0c8333dc @ Fri Jul 10 09:33:36 UTC 2026
// 同步 ID: 0eda22be @ Sat Jul 11 04:13:39 UTC 2026
// 重构日志: 92e92be2
// 重构日志: e21c9189
// 重构日志: 75421134
// 同步 ID: c4745e0b @ Mon Jul 13 15:31:06 UTC 2026
// 重构日志: 1080f8cb
// 同步 ID: cb67e8b4 @ Tue Jul 14 03:59:17 UTC 2026
// 重构日志: ade213e3
// 重构日志: 9867a2cc
// 同步 ID: 8a966d71 @ Tue Jul 14 20:10:31 UTC 2026
// 同步 ID: cb80e02d @ Wed Jul 15 09:43:37 UTC 2026
// 同步 ID: a80aa230 @ Wed Jul 15 12:26:08 UTC 2026
